<?xml version="1.0" encoding="UTF-8"?>
<!-- Generated by org.testng.reporters.JUnitReportReporter -->
<testsuite hostname="BAHUBALI-HP" failures="0" tests="2" name="mmtTest.mmtTest2" time="30.332" errors="0" timestamp="2024-10-21T13:23:42 IST" skipped="0">
  <testcase classname="mmtTest.mmtTest2" name="validateStaysText" time="17.096"/>
  <system-out>
    <![CDATA[get text stays
TC validateStaysText Passed]]>
  </system-out>
  <testcase classname="mmtTest.mmtTest2" name="validateHolidayPackagesText" time="13.236"/>
  <system-out>
    <![CDATA[get text holiday packages
TC validateHolidayPackagesText Passed]]>
  </system-out>
</testsuite> <!-- mmtTest.mmtTest2 -->
