<?xml version="1.0" encoding="UTF-8"?>
<!-- Generated by org.testng.reporters.JUnitReportReporter -->
<testsuite hostname="BAHUBALI-HP" failures="0" tests="2" name="mmtTest.mmtTest3" time="29.050" errors="0" timestamp="2024-10-21T13:24:20 IST" skipped="0">
  <testcase classname="mmtTest.mmtTest3" name="validateTrainsText" time="14.388"/>
  <system-out>
    <![CDATA[get text trains
TC validateTrainsText Passed]]>
  </system-out>
  <testcase classname="mmtTest.mmtTest3" name="validateBusesText" time="14.662"/>
  <system-out>
    <![CDATA[get text buses
TC validateBusesText Passed]]>
  </system-out>
</testsuite> <!-- mmtTest.mmtTest3 -->
