<?xml version="1.0" encoding="UTF-8"?>
<!-- Generated by org.testng.reporters.JUnitReportReporter -->
<testsuite hostname="BAHUBALI-HP" failures="0" tests="3" name="mmtTest.mmtTest2" time="41.362" errors="0" timestamp="2024-10-19T15:39:53 IST" skipped="0">
  <testcase classname="mmtTest.mmtTest2" name="validateHolidayPackagesText" time="14.651"/>
  <system-out>
    <![CDATA[get text holiday packages
TC validateHolidayPackagesText Passed]]>
  </system-out>
  <testcase classname="mmtTest.mmtTest2" name="validateTrainsText" time="11.627"/>
  <system-out>
    <![CDATA[get text trains
TC validateTrainsText Passed]]>
  </system-out>
  <testcase classname="mmtTest.mmtTest2" name="validateBusesText" time="15.084"/>
  <system-out>
    <![CDATA[get text buses
TC validateBusesText Passed]]>
  </system-out>
</testsuite> <!-- mmtTest.mmtTest2 -->
