<?xml version="1.0" encoding="UTF-8"?>
<!-- Generated by org.testng.reporters.JUnitReportReporter -->
<testsuite hostname="BAHUBALI-HP" failures="0" tests="2" name="mmtTest.mmtTest4" time="28.104" errors="0" timestamp="2024-10-21T13:25:00 IST" skipped="0">
  <testcase classname="mmtTest.mmtTest4" name="validateCabsText" time="14.687"/>
  <system-out>
    <![CDATA[get text cabs
TC validateCabsText Passed]]>
  </system-out>
  <testcase classname="mmtTest.mmtTest4" name="validateCardsText" time="13.417"/>
  <system-out>
    <![CDATA[get text cards
TC validateCardsText Passed]]>
  </system-out>
</testsuite> <!-- mmtTest.mmtTest4 -->
