<?xml version="1.0" encoding="UTF-8"?>
<!-- Generated by org.testng.reporters.JUnitReportReporter -->
<testsuite hostname="BAHUBALI-HP" failures="0" tests="2" name="mmtTest.mmtTest6" time="48.939" errors="0" timestamp="2024-10-21T13:26:45 IST" skipped="0">
  <testcase classname="mmtTest.mmtTest6" name="validateRoundTripButtonText" time="29.924"/>
  <system-out>
    <![CDATA[get text roundTrip button
clicking on roundTrip button
TC validateRoundTripButtonText Passed]]>
  </system-out>
  <testcase classname="mmtTest.mmtTest6" name="validateMultiCityButtonText" time="19.015"/>
  <system-out>
    <![CDATA[get text multiCity button
clicking on multiCity button
TC validateMultiCityButtonText Passed]]>
  </system-out>
</testsuite> <!-- mmtTest.mmtTest6 -->
