<?xml version="1.0" encoding="UTF-8"?>
<!-- Generated by org.testng.reporters.JUnitReportReporter -->
<testsuite hostname="BAHUBALI-HP" failures="0" tests="3" name="mmtTest.mmtTest3" time="41.213" errors="0" timestamp="2024-10-19T15:42:29 IST" skipped="0">
  <testcase classname="mmtTest.mmtTest3" name="validateCabsText" time="14.916"/>
  <system-out>
    <![CDATA[get text cabs
TC validateCabsText Passed]]>
  </system-out>
  <testcase classname="mmtTest.mmtTest3" name="validateCardsText" time="12.500"/>
  <system-out>
    <![CDATA[get text cards
TC validateCardsText Passed]]>
  </system-out>
  <testcase classname="mmtTest.mmtTest3" name="validateInsuranceText" time="13.797"/>
  <system-out>
    <![CDATA[get text insurance
TC validateInsuranceText Passed]]>
  </system-out>
</testsuite> <!-- mmtTest.mmtTest3 -->
