<?xml version="1.0" encoding="UTF-8"?>
<!-- Generated by org.testng.reporters.JUnitReportReporter -->
<testsuite hostname="BAHUBALI-HP" failures="0" tests="3" name="mmtTest.mmtTest4" time="54.585" errors="0" timestamp="2024-10-19T15:44:27 IST" skipped="0">
  <testcase classname="mmtTest.mmtTest4" name="validateRoundTripButtonText" time="17.292"/>
  <system-out>
    <![CDATA[get text roundTrip button
clicking on roundTrip button
TC validateRoundTripButtonText Passed]]>
  </system-out>
  <testcase classname="mmtTest.mmtTest4" name="validateOneWayButtonText" time="17.574"/>
  <system-out>
    <![CDATA[get text oneWay button
clicking on oneWay button
TC validateOneWayButtonText Passed]]>
  </system-out>
  <testcase classname="mmtTest.mmtTest4" name="validateMultiCityButtonText" time="19.719"/>
  <system-out>
    <![CDATA[get text multiCity button
clicking on multiCity button
TC validateMultiCityButtonText Passed]]>
  </system-out>
</testsuite> <!-- mmtTest.mmtTest4 -->
