<?xml version="1.0" encoding="UTF-8"?>
<!-- Generated by org.testng.reporters.JUnitReportReporter -->
<testsuite hostname="BAHUBALI-HP" failures="0" tests="2" name="mmtTest.mmtTest5" time="32.335" errors="0" timestamp="2024-10-21T13:25:48 IST" skipped="0">
  <testcase classname="mmtTest.mmtTest5" name="validateInsuranceText" time="15.960"/>
  <system-out>
    <![CDATA[get text insurance
TC validateInsuranceText Passed]]>
  </system-out>
  <testcase classname="mmtTest.mmtTest5" name="validateOneWayButtonText" time="16.375"/>
  <system-out>
    <![CDATA[get text oneWay button
clicking on oneWay button
TC validateOneWayButtonText Passed]]>
  </system-out>
</testsuite> <!-- mmtTest.mmtTest5 -->
