<?xml version="1.0" encoding="UTF-8"?>
<!-- Generated by org.testng.reporters.JUnitReportReporter -->
<testsuite hostname="BAHUBALI-HP" failures="0" tests="3" name="mmtTest.mmtTest1" time="42.836" errors="0" timestamp="2024-10-19T15:41:31 IST" skipped="0">
  <testcase classname="mmtTest.mmtTest1" name="validateFlightsText" time="14.386"/>
  <system-out>
    <![CDATA[get text flights
TC validateFlightsText Passed]]>
  </system-out>
  <testcase classname="mmtTest.mmtTest1" name="validateHotelsText" time="15.507"/>
  <system-out>
    <![CDATA[get text hotels
TC validateHotelsText Passed]]>
  </system-out>
  <testcase classname="mmtTest.mmtTest1" name="validateStaysText" time="12.943"/>
  <system-out>
    <![CDATA[get text stays
TC validateStaysText Passed]]>
  </system-out>
</testsuite> <!-- mmtTest.mmtTest1 -->
