<?xml version="1.0" encoding="UTF-8"?>
<!-- Generated by org.testng.reporters.JUnitReportReporter -->
<testsuite hostname="BAHUBALI-HP" failures="0" tests="2" name="mmtTest.mmtTest1" time="31.990" errors="0" timestamp="2024-10-21T13:22:49 IST" skipped="0">
  <testcase classname="mmtTest.mmtTest1" name="validateFlightsText" time="18.792"/>
  <system-out>
    <![CDATA[get text flights
TC validateFlightsText Passed]]>
  </system-out>
  <testcase classname="mmtTest.mmtTest1" name="validateHotelsText" time="13.198"/>
  <system-out>
    <![CDATA[get text hotels
TC validateHotelsText Passed]]>
  </system-out>
</testsuite> <!-- mmtTest.mmtTest1 -->
